 
cpldfit:  version P.20131013                        Xilinx Inc.
                                  Fitter Report
Design Name: top                                 Date:  3- 4-2020,  2:38PM
Device Used: XC2C256-6-TQ144
Fitting Status: Successful

*************************  Mapped Resource Summary  **************************

Macrocells     Product Terms    Function Block   Registers      Pins           
Used/Tot       Used/Tot         Inps Used/Tot    Used/Tot       Used/Tot       
38 /256 ( 15%) 82  /896  (  9%) 48  /640  (  7%) 21 /256 (  8%) 17 /118 ( 14%)

** Function Block Resources **

Function Mcells   FB Inps  Pterms   IO       CTC      CTR      CTS      CTE     
Block    Used/Tot Used/Tot Used/Tot Used/Tot Used/Tot Used/Tot Used/Tot Used/Tot
FB1      16/16*    20/40    40/56     0/ 6    0/1      0/1      0/1      0/1
FB2       7/16     18/40    16/56     0/ 8    0/1      0/1      0/1      0/1
FB3       0/16      0/40     0/56     0/ 6    0/1      0/1      0/1      0/1
FB4       0/16      0/40     0/56     0/ 8    0/1      0/1      0/1      0/1
FB5       0/16      0/40     0/56     0/ 5    0/1      0/1      0/1      0/1
FB6       0/16      0/40     0/56     0/ 8    0/1      0/1      0/1      0/1
FB7       0/16      0/40     0/56     0/ 8    0/1      0/1      0/1      0/1
FB8       0/16      0/40     0/56     0/ 8    0/1      0/1      0/1      0/1
FB9       0/16      0/40     0/56     0/ 8    0/1      0/1      0/1      0/1
FB10      0/16      0/40     0/56     0/ 9    0/1      0/1      0/1      0/1
FB11      4/16      0/40     0/56     4/ 8    0/1      0/1      0/1      0/1
FB12      0/16      0/40     0/56     0/ 6    0/1      0/1      0/1      0/1
FB13      0/16      0/40     0/56     0/ 8    0/1      0/1      0/1      0/1
FB14      5/16      6/40    11/56     5/ 8    0/1      0/1      0/1      0/1
FB15      0/16      0/40     0/56     0/ 7    0/1      0/1      0/1      0/1
FB16      6/16      4/40    15/56     6/ 7    0/1      0/1      0/1      0/1
         -----    -------  -------   -----    ---      ---      ---      ---
Total    38/256    48/640   82/896   15/118   0/16     0/16     0/16     0/16

CTC - Control Term Clock
CTR - Control Term Reset
CTS - Control Term Set
CTE - Control Term Output Enable

* - Resource is exhausted

** Global Control Resources **

GCK         GSR         GTS         DGE         
Used/Tot    Used/Tot    Used/Tot    Used/Tot    
1/3         0/1         0/4         0/1

Signal 'clk_i' mapped onto global clock net GCK2.

** Pin Resources **

Signal Type    Required     Mapped  |  Pin Type            Used    Total 
------------------------------------|------------------------------------
Input         :    1           1    |  I/O              :    15    108
Output        :   15          15    |  GCK/IO           :     1      3
Bidirectional :    0           0    |  GTS/IO           :     0      4
GCK           :    1           1    |  GSR/IO           :     1      1
GTS           :    0           0    |  CDR/IO           :     0      1
GSR           :    0           0    |  DGE/IO           :     0      1
                 ----        ----
        Total     17          17

End of Mapped Resource Summary
**************************  Errors and Warnings  ***************************

WARNING:Cpld - Unable to retrieve the path to the iSE Project Repository. Will
   use the default filename of 'top.ise'.
INFO:Cpld - Inferring BUFG constraint for signal 'clk_i' based upon the LOC
   constraint 'P38'. It is recommended that you declare this BUFG explicitedly
   in your design. Note that for certain device families the output of a BUFG
   constraint can not drive a gated clock, and the BUFG constraint will be
   ignored.
*************************  Summary of Mapped Logic  ************************

** 15 Outputs **

Signal              Total Total Bank Loc     Pin   Pin       Pin     I/O      I/O       Slew Reg     Reg Init
Name                Pts   Inps               No.   Type      Use     STD      Style     Rate Use     State
disp_dig_o<0>       0     0     2    FB11_13 126   I/O       O       LVCMOS18           FAST         
disp_dig_o<1>       0     0     2    FB11_14 128   I/O       O       LVCMOS18           FAST         
disp_dig_o<2>       0     0     2    FB11_15 129   I/O       O       LVCMOS18           FAST         
disp_dig_o<3>       0     0     2    FB11_16 130   I/O       O       LVCMOS18           FAST         
LD0                 2     3     1    FB14_4  69    I/O       O       LVCMOS18           FAST DFF/S   SET
LD1                 2     4     1    FB14_6  68    I/O       O       LVCMOS18           FAST TFF/S   SET
LD2                 2     5     1    FB14_13 66    I/O       O       LVCMOS18           FAST TFF/S   SET
LD3                 2     6     1    FB14_14 64    I/O       O       LVCMOS18           FAST TFF/S   SET
disp_seg_o<0>       3     4     1    FB14_16 61    I/O       O       LVCMOS18           FAST         
disp_seg_o<4>       3     4     1    FB16_5  60    I/O       O       LVCMOS18           FAST         
disp_seg_o<3>       4     4     1    FB16_11 58    I/O       O       LVCMOS18           FAST         
disp_seg_o<2>       3     4     1    FB16_12 57    I/O       O       LVCMOS18           FAST         
disp_seg_o<6>       3     4     1    FB16_13 56    I/O       O       LVCMOS18           FAST         
disp_seg_o<1>       3     4     1    FB16_15 54    I/O       O       LVCMOS18           FAST         
disp_seg_o<5>       3     4     1    FB16_16 53    I/O       O       LVCMOS18           FAST         

** 23 Buried Nodes **

Signal              Total Total Loc     Reg     Reg Init
Name                Pts   Inps          Use     State
CLOCKE/s_cnt<8>     3     9     FB1_1   TFF     RESET
CLOCKE/s_cnt<13>    5     14    FB1_2   DFF     RESET
CLOCKE/s_cnt<7>     5     8     FB1_3   DFF     RESET
N_PZ_115            5     10    FB1_4           
CLOCKE/s_cnt<10>    5     11    FB1_5   TFF     RESET
CLOCKE/s_cnt<5>     5     9     FB1_6   DFF     RESET
N_PZ_103            1     4     FB1_7           
CLOCKE/s_cnt<3>     2     6     FB1_8   DFF     RESET
CLOCKE/s_cnt<2>     2     4     FB1_9   TFF     RESET
CLOCKE/s_cnt<1>     2     4     FB1_10  DFF     RESET
CLOCKE/s_cnt<0>     1     3     FB1_11  DFF     RESET
CLOCKE/s_cnt<11>    3     9     FB1_12  TFF     RESET
CLOCKE/s_cnt<12>    2     9     FB1_13  TFF     RESET
CLOCKE/s_cnt<9>     3     9     FB1_14  TFF     RESET
CLOCKE/s_cnt<15>    0     0     FB1_15  DFF     RESET
CLOCKE/s_cnt<14>    0     0     FB1_16  DFF     RESET
N_PZ_110            2     4     FB2_6           
N_PZ_145            1     3     FB2_7           
N_PZ_139            1     3     FB2_8           
s_en                2     7     FB2_9   DFF     RESET
CLOCKE/s_cnt<6>     4     7     FB2_10  DFF     RESET
CLOCKE/s_cnt<4>     4     7     FB2_11  DFF     RESET
N_PZ_140            5     9     FB2_16          

** 2 Inputs **

Signal              Bank Loc     Pin   Pin       Pin     I/O      I/O
Name                             No.   Type      Use     STD      Style
BTN0                2    FB1_3   143   GSR/I/O   I       LVCMOS18 KPR
clk_i               1    FB6_4   38    GCK/I/O   GCK     LVCMOS18 KPR

Legend:
Pin No.   - ~     - User Assigned
I/O Style - OD    - OpenDrain
          - PU    - Pullup
          - KPR   - Keeper
          - S     - SchmittTrigger
          - DG    - DataGate
Reg Use   - LATCH - Transparent latch
          - DFF   - D-flip-flop
          - DEFF  - D-flip-flop with clock enable
          - TFF   - T-flip-flop
          - TDFF  - Dual-edge-triggered T-flip-flop
          - DDFF  - Dual-edge-triggered flip-flop
          - DDEFF - Dual-edge-triggered flip-flop with clock enable
          /S (after any above flop/latch type) indicates initial state is Set
**************************  Function Block Details  ************************
Legend:
Total Pt     - Total product terms used by the macrocell signal
Loc          - Location where logic was mapped in device
Pin Type/Use - I  - Input             GCK - Global clock
               O  - Output            GTS - Global Output Enable
              (b) - Buried macrocell  GSR - Global Set/Reset
              VRF - Vref
Pin No.      - ~  - User Assigned
*********************************** FB1  ***********************************
This function block is part of I/O Bank number:               2
Number of function block inputs used/remaining:               20/20
Number of function block control terms used/remaining:        0/4
Number of PLA product terms used/remaining:                   40/16
Signal                        Total Loc     Pin  Pin     Pin   CTC CTR CTS CTE
Name                          Pt            No.  Type    Use   
CLOCKE/s_cnt<8>               3     FB1_1        (b)     (b)               
CLOCKE/s_cnt<13>              5     FB1_2        (b)     (b)               
CLOCKE/s_cnt<7>               5     FB1_3   143  GSR/I/O I                 
N_PZ_115                      5     FB1_4   142  I/O     (b)               
CLOCKE/s_cnt<10>              5     FB1_5        (b)     (b)               
CLOCKE/s_cnt<5>               5     FB1_6   140  I/O     (b)               
N_PZ_103                      1     FB1_7        (b)     (b)               
CLOCKE/s_cnt<3>               2     FB1_8        (b)     (b)               
CLOCKE/s_cnt<2>               2     FB1_9        (b)     (b)               
CLOCKE/s_cnt<1>               2     FB1_10       (b)     (b)               
CLOCKE/s_cnt<0>               1     FB1_11       (b)     (b)               
CLOCKE/s_cnt<11>              3     FB1_12  139  I/O     (b)               
CLOCKE/s_cnt<12>              2     FB1_13  138  I/O     (b)               
CLOCKE/s_cnt<9>               3     FB1_14  137  I/O     (b)               
CLOCKE/s_cnt<15>              0     FB1_15       (b)     (b)               
CLOCKE/s_cnt<14>              0     FB1_16       (b)     (b)               

Signals Used by Logic in Function Block
  1: CLOCKE/s_cnt<0>    8: CLOCKE/s_cnt<3>   15: N_PZ_103 
  2: CLOCKE/s_cnt<10>   9: CLOCKE/s_cnt<4>   16: N_PZ_110 
  3: CLOCKE/s_cnt<11>  10: CLOCKE/s_cnt<5>   17: N_PZ_115 
  4: CLOCKE/s_cnt<12>  11: CLOCKE/s_cnt<6>   18: N_PZ_139 
  5: CLOCKE/s_cnt<13>  12: CLOCKE/s_cnt<7>   19: N_PZ_140 
  6: CLOCKE/s_cnt<1>   13: CLOCKE/s_cnt<8>   20: N_PZ_145 
  7: CLOCKE/s_cnt<2>   14: CLOCKE/s_cnt<9>  

Signal                     1         2         3         4 FB      
Name             0----+----0----+----0----+----0----+----0 Inputs  
CLOCKE/s_cnt<8>   .X..X.....XXXXX..XX..................... 9       
CLOCKE/s_cnt<13>  .XXXX...XXXXXXXX.X.X.................... 14      
CLOCKE/s_cnt<7>   .X..X.....XXXX.X.X...................... 8       
N_PZ_115          .XXXX...XXXXXX.......................... 10      
CLOCKE/s_cnt<10>  .X..X.....XXXXXXXX.X.................... 11      
CLOCKE/s_cnt<5>   .X..X...XX..XXXX.X...................... 9       
N_PZ_103          X....XXX................................ 4       
CLOCKE/s_cnt<3>   X....XXX......X...X..................... 6       
CLOCKE/s_cnt<2>   X....XX...........X..................... 4       
CLOCKE/s_cnt<1>   X....X..........X..X.................... 4       
CLOCKE/s_cnt<0>   X...............X..X.................... 3       
CLOCKE/s_cnt<11>  .XX.X.....XXXX...X.X.................... 9       
CLOCKE/s_cnt<12>  .XXX......XXXX.X.X...................... 9       
CLOCKE/s_cnt<9>   .X..X.....XXXXX..XX..................... 9       
CLOCKE/s_cnt<15>  ........................................ 0       
CLOCKE/s_cnt<14>  ........................................ 0       
                 0----+----1----+----2----+----3----+----4
                           0         0         0         0
*********************************** FB2  ***********************************
This function block is part of I/O Bank number:               2
Number of function block inputs used/remaining:               18/22
Number of function block control terms used/remaining:        0/4
Number of PLA product terms used/remaining:                   16/40
Signal                        Total Loc     Pin  Pin     Pin   CTC CTR CTS CTE
Name                          Pt            No.  Type    Use   
(unused)                      0     FB2_1   2    GTS/I/O       
(unused)                      0     FB2_2        (b)           
(unused)                      0     FB2_3   3    GTS/I/O       
(unused)                      0     FB2_4   4    I/O           
(unused)                      0     FB2_5   5    GTS/I/O       
N_PZ_110                      2     FB2_6        (b)     (b)               
N_PZ_145                      1     FB2_7        (b)     (b)               
N_PZ_139                      1     FB2_8        (b)     (b)               
s_en                          2     FB2_9        (b)     (b)               
CLOCKE/s_cnt<6>               4     FB2_10       (b)     (b)               
CLOCKE/s_cnt<4>               4     FB2_11       (b)     (b)               
(unused)                      0     FB2_12  6    GTS/I/O       
(unused)                      0     FB2_13  7    I/O           
(unused)                      0     FB2_14  9    I/O           
(unused)                      0     FB2_15  10   I/O           
N_PZ_140                      5     FB2_16       (b)     (b)               

Signals Used by Logic in Function Block
  1: BTN0               7: CLOCKE/s_cnt<15>  13: CLOCKE/s_cnt<9> 
  2: CLOCKE/s_cnt<10>   8: CLOCKE/s_cnt<4>   14: N_PZ_103 
  3: CLOCKE/s_cnt<11>   9: CLOCKE/s_cnt<5>   15: N_PZ_110 
  4: CLOCKE/s_cnt<12>  10: CLOCKE/s_cnt<6>   16: N_PZ_139 
  5: CLOCKE/s_cnt<13>  11: CLOCKE/s_cnt<7>   17: N_PZ_140 
  6: CLOCKE/s_cnt<14>  12: CLOCKE/s_cnt<8>   18: N_PZ_145 

Signal                     1         2         3         4 FB      
Name             0----+----0----+----0----+----0----+----0 Inputs  
N_PZ_110          ..XXX............X...................... 4       
N_PZ_145          X....XX................................. 3       
N_PZ_139          .......XX....X.......................... 3       
s_en              XX..X......XXX..X....................... 7       
CLOCKE/s_cnt<6>   .X..X....X.XX.XX........................ 7       
CLOCKE/s_cnt<4>   .X..X..X...XXXX......................... 7       
N_PZ_140          .X..X..XXXXXX.X......................... 9       
                 0----+----1----+----2----+----3----+----4
                           0         0         0         0
*********************************** FB3  ***********************************
This function block is part of I/O Bank number:               2
Number of function block inputs used/remaining:               0/40
Number of function block control terms used/remaining:        0/4
Number of PLA product terms used/remaining:                   0/56
Signal                        Total Loc     Pin  Pin     Pin   CTC CTR CTS CTE
Name                          Pt            No.  Type    Use   
(unused)                      0     FB3_1   136  I/O           
(unused)                      0     FB3_2   135  I/O           
(unused)                      0     FB3_3   134  I/O           
(unused)                      0     FB3_4        (b)           
(unused)                      0     FB3_5   133  I/O           
(unused)                      0     FB3_6        (b)           
(unused)                      0     FB3_7        (b)           
(unused)                      0     FB3_8        (b)           
(unused)                      0     FB3_9        (b)           
(unused)                      0     FB3_10       (b)           
(unused)                      0     FB3_11       (b)           
(unused)                      0     FB3_12       (b)           
(unused)                      0     FB3_13       (b)           
(unused)                      0     FB3_14  132  I/O           
(unused)                      0     FB3_15       (b)           
(unused)                      0     FB3_16  131  I/O           
*********************************** FB4  ***********************************
This function block is part of I/O Bank number:               2
Number of function block inputs used/remaining:               0/40
Number of function block control terms used/remaining:        0/4
Number of PLA product terms used/remaining:                   0/56
Signal                        Total Loc     Pin  Pin     Pin   CTC CTR CTS CTE
Name                          Pt            No.  Type    Use   
(unused)                      0     FB4_1   11   I/O           
(unused)                      0     FB4_2   12   I/O           
(unused)                      0     FB4_3   13   I/O           
(unused)                      0     FB4_4   14   I/O           
(unused)                      0     FB4_5   15   I/O           
(unused)                      0     FB4_6   16   I/O           
(unused)                      0     FB4_7        (b)           
(unused)                      0     FB4_8        (b)           
(unused)                      0     FB4_9        (b)           
(unused)                      0     FB4_10       (b)           
(unused)                      0     FB4_11       (b)           
(unused)                      0     FB4_12  17   I/O           
(unused)                      0     FB4_13       (b)           
(unused)                      0     FB4_14  18   I/O           
(unused)                      0     FB4_15       (b)           
(unused)                      0     FB4_16       (b)           
*********************************** FB5  ***********************************
This function block is part of I/O Bank number:               1
Number of function block inputs used/remaining:               0/40
Number of function block control terms used/remaining:        0/4
Number of PLA product terms used/remaining:                   0/56
Signal                        Total Loc     Pin  Pin     Pin   CTC CTR CTS CTE
Name                          Pt            No.  Type    Use   
(unused)                      0     FB5_1        (b)           
(unused)                      0     FB5_2   33   I/O           
(unused)                      0     FB5_3        (b)           
(unused)                      0     FB5_4   32   GCK/I/O       
(unused)                      0     FB5_5   31   I/O           
(unused)                      0     FB5_6   30   GCK/I/O       
(unused)                      0     FB5_7        (b)           
(unused)                      0     FB5_8        (b)           
(unused)                      0     FB5_9        (b)           
(unused)                      0     FB5_10       (b)           
(unused)                      0     FB5_11       (b)           
(unused)                      0     FB5_12       (b)           
(unused)                      0     FB5_13       (b)           
(unused)                      0     FB5_14  28   I/O           
(unused)                      0     FB5_15       (b)           
(unused)                      0     FB5_16       (b)           
*********************************** FB6  ***********************************
This function block is part of I/O Bank number:               1
Number of function block inputs used/remaining:               0/40
Number of function block control terms used/remaining:        0/4
Number of PLA product terms used/remaining:                   0/56
Signal                        Total Loc     Pin  Pin     Pin   CTC CTR CTS CTE
Name                          Pt            No.  Type    Use   
(unused)                      0     FB6_1   34   I/O           
(unused)                      0     FB6_2   35   CDR/I/O       
(unused)                      0     FB6_3        (b)           
(unused)                      0     FB6_4   38   GCK/I/O GCK   
(unused)                      0     FB6_5        (b)           
(unused)                      0     FB6_6        (b)           
(unused)                      0     FB6_7        (b)           
(unused)                      0     FB6_8        (b)           
(unused)                      0     FB6_9        (b)           
(unused)                      0     FB6_10       (b)           
(unused)                      0     FB6_11       (b)           
(unused)                      0     FB6_12  39   DGE/I/O       
(unused)                      0     FB6_13  40   I/O           
(unused)                      0     FB6_14  41   I/O           
(unused)                      0     FB6_15  42   I/O           
(unused)                      0     FB6_16  43   I/O           
*********************************** FB7  ***********************************
This function block is part of I/O Bank number:               1
Number of function block inputs used/remaining:               0/40
Number of function block control terms used/remaining:        0/4
Number of PLA product terms used/remaining:                   0/56
Signal                        Total Loc     Pin  Pin     Pin   CTC CTR CTS CTE
Name                          Pt            No.  Type    Use   
(unused)                      0     FB7_1        (b)           
(unused)                      0     FB7_2        (b)           
(unused)                      0     FB7_3        (b)           
(unused)                      0     FB7_4        (b)           
(unused)                      0     FB7_5   26   I/O           
(unused)                      0     FB7_6   25   I/O           
(unused)                      0     FB7_7        (b)           
(unused)                      0     FB7_8        (b)           
(unused)                      0     FB7_9        (b)           
(unused)                      0     FB7_10       (b)           
(unused)                      0     FB7_11  24   I/O           
(unused)                      0     FB7_12  23   I/O           
(unused)                      0     FB7_13  22   I/O           
(unused)                      0     FB7_14  21   I/O           
(unused)                      0     FB7_15  20   I/O           
(unused)                      0     FB7_16  19   I/O           
*********************************** FB8  ***********************************
This function block is part of I/O Bank number:               1
Number of function block inputs used/remaining:               0/40
Number of function block control terms used/remaining:        0/4
Number of PLA product terms used/remaining:                   0/56
Signal                        Total Loc     Pin  Pin     Pin   CTC CTR CTS CTE
Name                          Pt            No.  Type    Use   
(unused)                      0     FB8_1   44   I/O           
(unused)                      0     FB8_2   45   I/O           
(unused)                      0     FB8_3   46   I/O           
(unused)                      0     FB8_4        (b)           
(unused)                      0     FB8_5   48   I/O           
(unused)                      0     FB8_6   49   I/O           
(unused)                      0     FB8_7        (b)           
(unused)                      0     FB8_8        (b)           
(unused)                      0     FB8_9        (b)           
(unused)                      0     FB8_10       (b)           
(unused)                      0     FB8_11  50   I/O           
(unused)                      0     FB8_12  51   I/O           
(unused)                      0     FB8_13  52   I/O           
(unused)                      0     FB8_14       (b)           
(unused)                      0     FB8_15       (b)           
(unused)                      0     FB8_16       (b)           
*********************************** FB9  ***********************************
This function block is part of I/O Bank number:               2
Number of function block inputs used/remaining:               0/40
Number of function block control terms used/remaining:        0/4
Number of PLA product terms used/remaining:                   0/56
Signal                        Total Loc     Pin  Pin     Pin   CTC CTR CTS CTE
Name                          Pt            No.  Type    Use   
(unused)                      0     FB9_1   112  I/O           
(unused)                      0     FB9_2   113  I/O           
(unused)                      0     FB9_3        (b)           
(unused)                      0     FB9_4   114  I/O           
(unused)                      0     FB9_5        (b)           
(unused)                      0     FB9_6   115  I/O           
(unused)                      0     FB9_7        (b)           
(unused)                      0     FB9_8        (b)           
(unused)                      0     FB9_9        (b)           
(unused)                      0     FB9_10       (b)           
(unused)                      0     FB9_11       (b)           
(unused)                      0     FB9_12  116  I/O           
(unused)                      0     FB9_13  117  I/O           
(unused)                      0     FB9_14  118  I/O           
(unused)                      0     FB9_15  119  I/O           
(unused)                      0     FB9_16       (b)           
*********************************** FB10 ***********************************
This function block is part of I/O Bank number:               2
Number of function block inputs used/remaining:               0/40
Number of function block control terms used/remaining:        0/4
Number of PLA product terms used/remaining:                   0/56
Signal                        Total Loc     Pin  Pin     Pin   CTC CTR CTS CTE
Name                          Pt            No.  Type    Use   
(unused)                      0     FB10_1  111  I/O           
(unused)                      0     FB10_2  110  I/O           
(unused)                      0     FB10_3  107  I/O           
(unused)                      0     FB10_4  106  I/O           
(unused)                      0     FB10_5  105  I/O           
(unused)                      0     FB10_6  104  I/O           
(unused)                      0     FB10_7       (b)           
(unused)                      0     FB10_8       (b)           
(unused)                      0     FB10_9       (b)           
(unused)                      0     FB10_10      (b)           
(unused)                      0     FB10_11      (b)           
(unused)                      0     FB10_12 103  I/O           
(unused)                      0     FB10_13      (b)           
(unused)                      0     FB10_14 102  I/O           
(unused)                      0     FB10_15      (b)           
(unused)                      0     FB10_16 101  I/O           
*********************************** FB11 ***********************************
This function block is part of I/O Bank number:               2
Number of function block inputs used/remaining:               0/40
Number of function block control terms used/remaining:        0/4
Number of PLA product terms used/remaining:                   0/56
Signal                        Total Loc     Pin  Pin     Pin   CTC CTR CTS CTE
Name                          Pt            No.  Type    Use   
(unused)                      0     FB11_1       (b)           
(unused)                      0     FB11_2       (b)           
(unused)                      0     FB11_3       (b)           
(unused)                      0     FB11_4       (b)           
(unused)                      0     FB11_5  120  I/O           
(unused)                      0     FB11_6  121  I/O           
(unused)                      0     FB11_7       (b)           
(unused)                      0     FB11_8       (b)           
(unused)                      0     FB11_9       (b)           
(unused)                      0     FB11_10      (b)           
(unused)                      0     FB11_11 124  I/O           
(unused)                      0     FB11_12 125  I/O           
disp_dig_o<0>                 0     FB11_13 126  I/O     O                 
disp_dig_o<1>                 0     FB11_14 128  I/O     O                 
disp_dig_o<2>                 0     FB11_15 129  I/O     O                 
disp_dig_o<3>                 0     FB11_16 130  I/O     O                 

Signals Used by Logic in Function Block

Signal                     1         2         3         4 FB      
Name             0----+----0----+----0----+----0----+----0 Inputs  
disp_dig_o<0>     ........................................ 0       
disp_dig_o<1>     ........................................ 0       
disp_dig_o<2>     ........................................ 0       
disp_dig_o<3>     ........................................ 0       
                 0----+----1----+----2----+----3----+----4
                           0         0         0         0
*********************************** FB12 ***********************************
This function block is part of I/O Bank number:               2
Number of function block inputs used/remaining:               0/40
Number of function block control terms used/remaining:        0/4
Number of PLA product terms used/remaining:                   0/56
Signal                        Total Loc     Pin  Pin     Pin   CTC CTR CTS CTE
Name                          Pt            No.  Type    Use   
(unused)                      0     FB12_1       (b)           
(unused)                      0     FB12_2  100  I/O           
(unused)                      0     FB12_3       (b)           
(unused)                      0     FB12_4       (b)           
(unused)                      0     FB12_5       (b)           
(unused)                      0     FB12_6       (b)           
(unused)                      0     FB12_7       (b)           
(unused)                      0     FB12_8       (b)           
(unused)                      0     FB12_9       (b)           
(unused)                      0     FB12_10      (b)           
(unused)                      0     FB12_11 98   I/O           
(unused)                      0     FB12_12 97   I/O           
(unused)                      0     FB12_13 96   I/O           
(unused)                      0     FB12_14 95   I/O           
(unused)                      0     FB12_15 94   I/O           
(unused)                      0     FB12_16      (b)           
*********************************** FB13 ***********************************
This function block is part of I/O Bank number:               1
Number of function block inputs used/remaining:               0/40
Number of function block control terms used/remaining:        0/4
Number of PLA product terms used/remaining:                   0/56
Signal                        Total Loc     Pin  Pin     Pin   CTC CTR CTS CTE
Name                          Pt            No.  Type    Use   
(unused)                      0     FB13_1  75   I/O           
(unused)                      0     FB13_2  76   I/O           
(unused)                      0     FB13_3  77   I/O           
(unused)                      0     FB13_4       (b)           
(unused)                      0     FB13_5  78   I/O           
(unused)                      0     FB13_6  79   I/O           
(unused)                      0     FB13_7       (b)           
(unused)                      0     FB13_8       (b)           
(unused)                      0     FB13_9       (b)           
(unused)                      0     FB13_10      (b)           
(unused)                      0     FB13_11      (b)           
(unused)                      0     FB13_12 80   I/O           
(unused)                      0     FB13_13 81   I/O           
(unused)                      0     FB13_14 82   I/O           
(unused)                      0     FB13_15      (b)           
(unused)                      0     FB13_16      (b)           
*********************************** FB14 ***********************************
This function block is part of I/O Bank number:               1
Number of function block inputs used/remaining:               6/34
Number of function block control terms used/remaining:        0/4
Number of PLA product terms used/remaining:                   11/45
Signal                        Total Loc     Pin  Pin     Pin   CTC CTR CTS CTE
Name                          Pt            No.  Type    Use   
(unused)                      0     FB14_1  74   I/O           
(unused)                      0     FB14_2  71   I/O           
(unused)                      0     FB14_3  70   I/O           
LD0                           2     FB14_4  69   I/O     O                 
(unused)                      0     FB14_5       (b)           
LD1                           2     FB14_6  68   I/O     O                 
(unused)                      0     FB14_7       (b)           
(unused)                      0     FB14_8       (b)           
(unused)                      0     FB14_9       (b)           
(unused)                      0     FB14_10      (b)           
(unused)                      0     FB14_11      (b)           
(unused)                      0     FB14_12      (b)           
LD2                           2     FB14_13 66   I/O     O                 
LD3                           2     FB14_14 64   I/O     O                 
(unused)                      0     FB14_15      (b)           
disp_seg_o<0>                 3     FB14_16 61   I/O     O                 

Signals Used by Logic in Function Block
  1: BTN0               3: LD1                5: LD3 
  2: LD0                4: LD2                6: s_en 

Signal                     1         2         3         4 FB      
Name             0----+----0----+----0----+----0----+----0 Inputs  
LD0               XX...X.................................. 3       
LD1               XXX..X.................................. 4       
LD2               XXXX.X.................................. 5       
LD3               XXXXXX.................................. 6       
disp_seg_o<0>     .XXXX................................... 4       
                 0----+----1----+----2----+----3----+----4
                           0         0         0         0
*********************************** FB15 ***********************************
This function block is part of I/O Bank number:               1
Number of function block inputs used/remaining:               0/40
Number of function block control terms used/remaining:        0/4
Number of PLA product terms used/remaining:                   0/56
Signal                        Total Loc     Pin  Pin     Pin   CTC CTR CTS CTE
Name                          Pt            No.  Type    Use   
(unused)                      0     FB15_1       (b)           
(unused)                      0     FB15_2  83   I/O           
(unused)                      0     FB15_3       (b)           
(unused)                      0     FB15_4       (b)           
(unused)                      0     FB15_5       (b)           
(unused)                      0     FB15_6       (b)           
(unused)                      0     FB15_7       (b)           
(unused)                      0     FB15_8       (b)           
(unused)                      0     FB15_9       (b)           
(unused)                      0     FB15_10      (b)           
(unused)                      0     FB15_11 85   I/O           
(unused)                      0     FB15_12 86   I/O           
(unused)                      0     FB15_13 87   I/O           
(unused)                      0     FB15_14 88   I/O           
(unused)                      0     FB15_15 91   I/O           
(unused)                      0     FB15_16 92   I/O           
*********************************** FB16 ***********************************
This function block is part of I/O Bank number:               1
Number of function block inputs used/remaining:               4/36
Number of function block control terms used/remaining:        0/4
Number of PLA product terms used/remaining:                   15/41
Signal                        Total Loc     Pin  Pin     Pin   CTC CTR CTS CTE
Name                          Pt            No.  Type    Use   
(unused)                      0     FB16_1       (b)           
(unused)                      0     FB16_2       (b)           
(unused)                      0     FB16_3       (b)           
(unused)                      0     FB16_4       (b)           
disp_seg_o<4>                 3     FB16_5  60   I/O     O                 
(unused)                      0     FB16_6  59   I/O           
(unused)                      0     FB16_7       (b)           
(unused)                      0     FB16_8       (b)           
(unused)                      0     FB16_9       (b)           
(unused)                      0     FB16_10      (b)           
disp_seg_o<3>                 4     FB16_11 58   I/O     O                 
disp_seg_o<2>                 3     FB16_12 57   I/O     O                 
disp_seg_o<6>                 3     FB16_13 56   I/O     O                 
(unused)                      0     FB16_14      (b)           
disp_seg_o<1>                 3     FB16_15 54   I/O     O                 
disp_seg_o<5>                 3     FB16_16 53   I/O     O                 

Signals Used by Logic in Function Block
  1: LD0                3: LD2                4: LD3 
  2: LD1              

Signal                     1         2         3         4 FB      
Name             0----+----0----+----0----+----0----+----0 Inputs  
disp_seg_o<4>     XXXX.................................... 4       
disp_seg_o<3>     XXXX.................................... 4       
disp_seg_o<2>     XXXX.................................... 4       
disp_seg_o<6>     XXXX.................................... 4       
disp_seg_o<1>     XXXX.................................... 4       
disp_seg_o<5>     XXXX.................................... 4       
                 0----+----1----+----2----+----3----+----4
                           0         0         0         0
*******************************  Equations  ********************************

********** Mapped Logic **********

FDCPE_CLOCKE/s_cnt0: FDCPE port map (CLOCKE/s_cnt(0),CLOCKE/s_cnt_D(0),clk_i,'0','0','1');
CLOCKE/s_cnt_D(0) <= (N_PZ_115 AND NOT CLOCKE/s_cnt(0) AND N_PZ_145);

FDCPE_CLOCKE/s_cnt1: FDCPE port map (CLOCKE/s_cnt(1),CLOCKE/s_cnt_D(1),clk_i,'0','0','1');
CLOCKE/s_cnt_D(1) <= ((N_PZ_115 AND CLOCKE/s_cnt(0) AND N_PZ_145 AND 
	NOT CLOCKE/s_cnt(1))
	OR (N_PZ_115 AND NOT CLOCKE/s_cnt(0) AND N_PZ_145 AND 
	CLOCKE/s_cnt(1)));

FTCPE_CLOCKE/s_cnt2: FTCPE port map (CLOCKE/s_cnt(2),CLOCKE/s_cnt_T(2),clk_i,'0','0','1');
CLOCKE/s_cnt_T(2) <= ((CLOCKE/s_cnt(2) AND N_PZ_140)
	OR (CLOCKE/s_cnt(0) AND CLOCKE/s_cnt(1) AND NOT N_PZ_140));

FDCPE_CLOCKE/s_cnt3: FDCPE port map (CLOCKE/s_cnt(3),CLOCKE/s_cnt_D(3),clk_i,'0','0','1');
CLOCKE/s_cnt_D(3) <= ((NOT N_PZ_103 AND NOT N_PZ_140 AND CLOCKE/s_cnt(3))
	OR (NOT N_PZ_103 AND CLOCKE/s_cnt(0) AND CLOCKE/s_cnt(1) AND 
	CLOCKE/s_cnt(2) AND NOT N_PZ_140));

FDCPE_CLOCKE/s_cnt4: FDCPE port map (CLOCKE/s_cnt(4),CLOCKE/s_cnt_D(4),clk_i,'0','0','1');
CLOCKE/s_cnt_D(4) <= NOT (((NOT N_PZ_110)
	OR (N_PZ_103 AND CLOCKE/s_cnt(4))
	OR (NOT N_PZ_103 AND NOT CLOCKE/s_cnt(4))
	OR (CLOCKE/s_cnt(10) AND CLOCKE/s_cnt(13) AND 
	CLOCKE/s_cnt(8) AND CLOCKE/s_cnt(9))));

FDCPE_CLOCKE/s_cnt5: FDCPE port map (CLOCKE/s_cnt(5),CLOCKE/s_cnt_D(5),clk_i,'0','0','1');
CLOCKE/s_cnt_D(5) <= NOT (((NOT N_PZ_110)
	OR (N_PZ_139)
	OR (NOT N_PZ_103 AND NOT CLOCKE/s_cnt(5))
	OR (NOT CLOCKE/s_cnt(4) AND NOT CLOCKE/s_cnt(5))
	OR (CLOCKE/s_cnt(10) AND CLOCKE/s_cnt(13) AND 
	CLOCKE/s_cnt(8) AND CLOCKE/s_cnt(9))));

FDCPE_CLOCKE/s_cnt6: FDCPE port map (CLOCKE/s_cnt(6),CLOCKE/s_cnt_D(6),clk_i,'0','0','1');
CLOCKE/s_cnt_D(6) <= NOT (((NOT N_PZ_110)
	OR (CLOCKE/s_cnt(6) AND N_PZ_139)
	OR (NOT CLOCKE/s_cnt(6) AND NOT N_PZ_139)
	OR (CLOCKE/s_cnt(10) AND CLOCKE/s_cnt(13) AND 
	CLOCKE/s_cnt(8) AND CLOCKE/s_cnt(9))));

FDCPE_CLOCKE/s_cnt7: FDCPE port map (CLOCKE/s_cnt(7),CLOCKE/s_cnt_D(7),clk_i,'0','0','1');
CLOCKE/s_cnt_D(7) <= NOT (((NOT N_PZ_110)
	OR (NOT CLOCKE/s_cnt(6) AND NOT CLOCKE/s_cnt(7))
	OR (NOT N_PZ_139 AND NOT CLOCKE/s_cnt(7))
	OR (CLOCKE/s_cnt(6) AND N_PZ_139 AND CLOCKE/s_cnt(7))
	OR (CLOCKE/s_cnt(10) AND CLOCKE/s_cnt(13) AND 
	CLOCKE/s_cnt(8) AND CLOCKE/s_cnt(9))));

FTCPE_CLOCKE/s_cnt8: FTCPE port map (CLOCKE/s_cnt(8),CLOCKE/s_cnt_T(8),clk_i,'0','0','1');
CLOCKE/s_cnt_T(8) <= ((CLOCKE/s_cnt(8) AND N_PZ_140)
	OR (CLOCKE/s_cnt(6) AND NOT N_PZ_140 AND N_PZ_139 AND 
	CLOCKE/s_cnt(7))
	OR (CLOCKE/s_cnt(10) AND CLOCKE/s_cnt(13) AND 
	CLOCKE/s_cnt(8) AND CLOCKE/s_cnt(9) AND N_PZ_103));

FTCPE_CLOCKE/s_cnt9: FTCPE port map (CLOCKE/s_cnt(9),CLOCKE/s_cnt_T(9),clk_i,'0','0','1');
CLOCKE/s_cnt_T(9) <= ((CLOCKE/s_cnt(9) AND N_PZ_140)
	OR (CLOCKE/s_cnt(10) AND CLOCKE/s_cnt(13) AND 
	CLOCKE/s_cnt(8) AND CLOCKE/s_cnt(9) AND N_PZ_103)
	OR (CLOCKE/s_cnt(6) AND CLOCKE/s_cnt(8) AND NOT N_PZ_140 AND 
	N_PZ_139 AND CLOCKE/s_cnt(7)));

FTCPE_CLOCKE/s_cnt10: FTCPE port map (CLOCKE/s_cnt(10),CLOCKE/s_cnt_T(10),clk_i,'0','0','1');
CLOCKE/s_cnt_T(10) <= ((CLOCKE/s_cnt(10) AND NOT N_PZ_115)
	OR (CLOCKE/s_cnt(10) AND NOT N_PZ_110)
	OR (CLOCKE/s_cnt(10) AND CLOCKE/s_cnt(13) AND 
	CLOCKE/s_cnt(8) AND CLOCKE/s_cnt(9) AND N_PZ_103)
	OR (CLOCKE/s_cnt(10) AND CLOCKE/s_cnt(8) AND 
	CLOCKE/s_cnt(9) AND N_PZ_103 AND NOT N_PZ_145)
	OR (N_PZ_110 AND CLOCKE/s_cnt(6) AND CLOCKE/s_cnt(8) AND 
	CLOCKE/s_cnt(9) AND N_PZ_139 AND CLOCKE/s_cnt(7)));

FTCPE_CLOCKE/s_cnt11: FTCPE port map (CLOCKE/s_cnt(11),CLOCKE/s_cnt_T(11),clk_i,'0','0','1');
CLOCKE/s_cnt_T(11) <= ((CLOCKE/s_cnt(11) AND CLOCKE/s_cnt(13))
	OR (CLOCKE/s_cnt(11) AND NOT N_PZ_145)
	OR (CLOCKE/s_cnt(10) AND NOT CLOCKE/s_cnt(13) AND 
	CLOCKE/s_cnt(6) AND CLOCKE/s_cnt(8) AND CLOCKE/s_cnt(9) AND N_PZ_145 AND 
	N_PZ_139 AND CLOCKE/s_cnt(7)));

FTCPE_CLOCKE/s_cnt12: FTCPE port map (CLOCKE/s_cnt(12),CLOCKE/s_cnt_T(12),clk_i,'0','0','1');
CLOCKE/s_cnt_T(12) <= ((NOT N_PZ_110 AND CLOCKE/s_cnt(12))
	OR (CLOCKE/s_cnt(10) AND CLOCKE/s_cnt(11) AND N_PZ_110 AND 
	CLOCKE/s_cnt(6) AND CLOCKE/s_cnt(8) AND CLOCKE/s_cnt(9) AND N_PZ_139 AND 
	CLOCKE/s_cnt(7)));

FDCPE_CLOCKE/s_cnt13: FDCPE port map (CLOCKE/s_cnt(13),CLOCKE/s_cnt_D(13),clk_i,'0','0','1');
CLOCKE/s_cnt_D(13) <= ((NOT CLOCKE/s_cnt(10) AND CLOCKE/s_cnt(13) AND N_PZ_110)
	OR (CLOCKE/s_cnt(13) AND N_PZ_110 AND NOT CLOCKE/s_cnt(8))
	OR (CLOCKE/s_cnt(13) AND N_PZ_110 AND NOT CLOCKE/s_cnt(9))
	OR (CLOCKE/s_cnt(13) AND N_PZ_110 AND NOT CLOCKE/s_cnt(6) AND 
	NOT N_PZ_103 AND NOT CLOCKE/s_cnt(4) AND NOT CLOCKE/s_cnt(5) AND 
	NOT CLOCKE/s_cnt(7))
	OR (CLOCKE/s_cnt(10) AND CLOCKE/s_cnt(11) AND 
	NOT CLOCKE/s_cnt(13) AND CLOCKE/s_cnt(12) AND CLOCKE/s_cnt(6) AND 
	CLOCKE/s_cnt(8) AND CLOCKE/s_cnt(9) AND N_PZ_145 AND N_PZ_139 AND 
	CLOCKE/s_cnt(7)));

FDCPE_CLOCKE/s_cnt14: FDCPE port map (CLOCKE/s_cnt(14),'0',clk_i,'0','0','1');

FDCPE_CLOCKE/s_cnt15: FDCPE port map (CLOCKE/s_cnt(15),'0',clk_i,'0','0','1');

FDCPE_LD0: FDCPE port map (LD0,LD0_D,clk_i,'0','0','1');
LD0_D <= NOT (((LD0 AND BTN0 AND s_en)
	OR (NOT LD0 AND BTN0 AND NOT s_en)));

FTCPE_LD1: FTCPE port map (LD1,LD1_T,clk_i,'0','0','1');
LD1_T <= ((NOT BTN0 AND NOT LD1)
	OR (NOT LD0 AND BTN0 AND s_en));

FTCPE_LD2: FTCPE port map (LD2,LD2_T,clk_i,'0','0','1');
LD2_T <= ((NOT BTN0 AND NOT LD2)
	OR (NOT LD0 AND BTN0 AND s_en AND NOT LD1));

FTCPE_LD3: FTCPE port map (LD3,LD3_T,clk_i,'0','0','1');
LD3_T <= ((NOT BTN0 AND NOT LD3)
	OR (NOT LD0 AND BTN0 AND s_en AND NOT LD1 AND NOT LD2));


N_PZ_103 <= (CLOCKE/s_cnt(0) AND CLOCKE/s_cnt(1) AND 
	CLOCKE/s_cnt(2) AND CLOCKE/s_cnt(3));


N_PZ_110 <= ((NOT CLOCKE/s_cnt(13) AND N_PZ_145)
	OR (NOT CLOCKE/s_cnt(11) AND NOT CLOCKE/s_cnt(12) AND N_PZ_145));


N_PZ_115 <= ((NOT CLOCKE/s_cnt(13))
	OR (NOT CLOCKE/s_cnt(10) AND NOT CLOCKE/s_cnt(11) AND 
	NOT CLOCKE/s_cnt(12))
	OR (NOT CLOCKE/s_cnt(11) AND NOT CLOCKE/s_cnt(12) AND 
	NOT CLOCKE/s_cnt(8))
	OR (NOT CLOCKE/s_cnt(11) AND NOT CLOCKE/s_cnt(12) AND 
	NOT CLOCKE/s_cnt(9))
	OR (NOT CLOCKE/s_cnt(11) AND NOT CLOCKE/s_cnt(12) AND 
	NOT CLOCKE/s_cnt(6) AND NOT CLOCKE/s_cnt(4) AND NOT CLOCKE/s_cnt(5) AND 
	NOT CLOCKE/s_cnt(7)));


N_PZ_139 <= (N_PZ_103 AND CLOCKE/s_cnt(4) AND CLOCKE/s_cnt(5));


N_PZ_140 <= ((NOT N_PZ_110)
	OR (CLOCKE/s_cnt(10) AND CLOCKE/s_cnt(13) AND 
	CLOCKE/s_cnt(6) AND CLOCKE/s_cnt(8) AND CLOCKE/s_cnt(9))
	OR (CLOCKE/s_cnt(10) AND CLOCKE/s_cnt(13) AND 
	CLOCKE/s_cnt(8) AND CLOCKE/s_cnt(9) AND CLOCKE/s_cnt(4))
	OR (CLOCKE/s_cnt(10) AND CLOCKE/s_cnt(13) AND 
	CLOCKE/s_cnt(8) AND CLOCKE/s_cnt(9) AND CLOCKE/s_cnt(5))
	OR (CLOCKE/s_cnt(10) AND CLOCKE/s_cnt(13) AND 
	CLOCKE/s_cnt(8) AND CLOCKE/s_cnt(9) AND CLOCKE/s_cnt(7)));


N_PZ_145 <= (BTN0 AND NOT CLOCKE/s_cnt(14) AND NOT CLOCKE/s_cnt(15));


disp_dig_o(0) <= '0';


disp_dig_o(1) <= '0';


disp_dig_o(2) <= '0';


disp_dig_o(3) <= '0';


disp_seg_o(0) <= ((LD1 AND LD2 AND LD3)
	OR (LD0 AND LD1 AND NOT LD2 AND NOT LD3)
	OR (NOT LD0 AND NOT LD1 AND NOT LD2 AND LD3));


disp_seg_o(1) <= (NOT LD0 AND LD3)
	XOR ((NOT LD0 AND LD1 AND NOT LD2)
	OR (LD0 AND NOT LD1 AND LD2 AND LD3));


disp_seg_o(2) <= ((NOT LD0 AND LD3)
	OR (NOT LD0 AND LD1 AND LD2)
	OR (LD1 AND NOT LD2 AND LD3));


disp_seg_o(3) <= ((NOT LD0 AND NOT LD1 AND NOT LD2)
	OR (LD0 AND LD1 AND NOT LD2 AND LD3)
	OR (LD0 AND NOT LD1 AND LD2 AND NOT LD3)
	OR (NOT LD0 AND LD1 AND LD2 AND LD3));


disp_seg_o(4) <= ((LD0 AND NOT LD2 AND NOT LD3)
	OR (NOT LD1 AND NOT LD2 AND NOT LD3)
	OR (LD0 AND NOT LD1 AND LD2 AND LD3));


disp_seg_o(5) <= (LD0 AND NOT LD2)
	XOR ((NOT LD0 AND NOT LD1 AND NOT LD3)
	OR (LD1 AND NOT LD2 AND LD3));


disp_seg_o(6) <= (NOT LD0 AND LD1)
	XOR ((NOT LD0 AND LD2 AND NOT LD3)
	OR (LD1 AND NOT LD2 AND LD3));

FDCPE_s_en: FDCPE port map (s_en,s_en_D,clk_i,'0','0','1');
s_en_D <= ((BTN0 AND N_PZ_140)
	OR (BTN0 AND CLOCKE/s_cnt(10) AND CLOCKE/s_cnt(13) AND 
	CLOCKE/s_cnt(8) AND CLOCKE/s_cnt(9) AND N_PZ_103));


Register Legend:
 FDCPE (Q,D,C,CLR,PRE,CE); 
 FDDCPE (Q,D,C,CLR,PRE,CE); 
 FTCPE (Q,D,C,CLR,PRE,CE); 
 FTDCPE (Q,D,C,CLR,PRE,CE); 
 LDCP  (Q,D,G,CLR,PRE); 

******************************  Device Pin Out *****************************

Device : XC2C256-6-TQ144


Pin Signal                         Pin Signal                        
No. Name                           No. Name                          
  1 VCC                              73 VCCIO-1.8                     
  2 KPR                              74 KPR                           
  3 KPR                              75 KPR                           
  4 KPR                              76 KPR                           
  5 KPR                              77 KPR                           
  6 KPR                              78 KPR                           
  7 KPR                              79 KPR                           
  8 VCCAUX                           80 KPR                           
  9 KPR                              81 KPR                           
 10 KPR                              82 KPR                           
 11 KPR                              83 KPR                           
 12 KPR                              84 VCC                           
 13 KPR                              85 KPR                           
 14 KPR                              86 KPR                           
 15 KPR                              87 KPR                           
 16 KPR                              88 KPR                           
 17 KPR                              89 GND                           
 18 KPR                              90 GND                           
 19 KPR                              91 KPR                           
 20 KPR                              92 KPR                           
 21 KPR                              93 VCCIO-1.8                     
 22 KPR                              94 KPR                           
 23 KPR                              95 KPR                           
 24 KPR                              96 KPR                           
 25 KPR                              97 KPR                           
 26 KPR                              98 KPR                           
 27 VCCIO-1.8                        99 GND                           
 28 KPR                             100 KPR                           
 29 GND                             101 KPR                           
 30 KPR                             102 KPR                           
 31 KPR                             103 KPR                           
 32 KPR                             104 KPR                           
 33 KPR                             105 KPR                           
 34 KPR                             106 KPR                           
 35 KPR                             107 KPR                           
 36 GND                             108 GND                           
 37 VCC                             109 VCCIO-1.8                     
 38 clk_i                           110 KPR                           
 39 KPR                             111 KPR                           
 40 KPR                             112 KPR                           
 41 KPR                             113 KPR                           
 42 KPR                             114 KPR                           
 43 KPR                             115 KPR                           
 44 KPR                             116 KPR                           
 45 KPR                             117 KPR                           
 46 KPR                             118 KPR                           
 47 GND                             119 KPR                           
 48 KPR                             120 KPR                           
 49 KPR                             121 KPR                           
 50 KPR                             122 TDO                           
 51 KPR                             123 GND                           
 52 KPR                             124 KPR                           
 53 disp_seg_o<5>                   125 KPR                           
 54 disp_seg_o<1>                   126 disp_dig_o<0>                 
 55 VCCIO-1.8                       127 VCCIO-1.8                     
 56 disp_seg_o<6>                   128 disp_dig_o<1>                 
 57 disp_seg_o<2>                   129 disp_dig_o<2>                 
 58 disp_seg_o<3>                   130 disp_dig_o<3>                 
 59 KPR                             131 KPR                           
 60 disp_seg_o<4>                   132 KPR                           
 61 disp_seg_o<0>                   133 KPR                           
 62 GND                             134 KPR                           
 63 TDI                             135 KPR                           
 64 LD3                             136 KPR                           
 65 TMS                             137 KPR                           
 66 LD2                             138 KPR                           
 67 TCK                             139 KPR                           
 68 LD1                             140 KPR                           
 69 LD0                             141 VCCIO-1.8                     
 70 KPR                             142 KPR                           
 71 KPR                             143 BTN0                          
 72 GND                             144 GND                           


Legend :  NC  = Not Connected, unbonded pin
        PGND  = Unused I/O configured as additional Ground pin
         KPR  = Unused I/O with weak keeper (leave unconnected)
         WPU  = Unused I/O with weak pull up (leave unconnected)
         TIE  = Unused I/O floating -- must tie to VCC, GND or other signal
         VCC  = Dedicated Power Pin
      VCCAUX  = Power supply for JTAG pins
   VCCIO-3.3  = I/O supply voltage for LVTTL, LVCMOS33, SSTL3_I
   VCCIO-2.5  = I/O supply voltage for LVCMOS25, SSTL2_I
   VCCIO-1.8  = I/O supply voltage for LVCMOS18
   VCCIO-1.5  = I/O supply voltage for LVCMOS15, HSTL_I
        VREF  = Reference voltage for indicated input standard
       *VREF  = Reference voltage pin selected by software
         GND  = Dedicated Ground Pin
         TDI  = Test Data In, JTAG pin
         TDO  = Test Data Out, JTAG pin
         TCK  = Test Clock, JTAG pin
         TMS  = Test Mode Select, JTAG pin
  PROHIBITED  = User reserved pin
****************************  Compiler Options  ****************************

Following is a list of all global compiler options used by the fitter run.

Device(s) Specified                         : xc2c256-6-TQ144
Optimization Method                         : DENSITY
Multi-Level Logic Optimization              : ON
Ignore Timing Specifications                : OFF
Default Register Power Up Value             : LOW
Keep User Location Constraints              : ON
What-You-See-Is-What-You-Get                : OFF
Exhaustive Fitting                          : OFF
Keep Unused Inputs                          : OFF
Slew Rate                                   : FAST
Set Unused I/O Pin Termination              : KEEPER
Global Clock Optimization                   : ON
Global Set/Reset Optimization               : ON
Global Ouput Enable Optimization            : ON
Enable Input Registers                      : ON
Function Block Fan-in Limit                 : 38
Use DATA_GATE Attribute                     : ON
Set Tristate Outputs to Termination Mode    : KEEPER
Default Voltage Standard for All Outputs    : LVCMOS18
Input Limit                                 : 32
Pterm Limit                                 : 28
