Command line:
   binary_cnt_isim_beh.exe
     -simmode  gui
     -simrunnum  0
     -socket  60967

Thu Mar  5 11:52:48 2020


 Elaboration Time: 0.02 sec

 Current Memory Usage: 200.217 Meg

 Total Signals          : 5
 Total Nets             : 13
 Total Signal Drivers   : 2
 Total Blocks           : 4
 Total Primitive Blocks : 4
 Total Processes        : 2
 Total Traceable Variables  : 11
 Total Scalar Nets and Variables : 392
Total Line Count : 5

 Total Simulation Time: 0.02 sec

 Current Memory Usage: 275.718 Meg

Thu Mar  5 11:53:04 2020

