Command line:
   top_isim_beh.exe
     -simmode  gui
     -simrunnum  1
     -socket  48821

Thu Feb 27 11:26:06 2020


 Elaboration Time: 0.03 sec

 Current Memory Usage: 200.139 Meg

 Total Signals          : 93
 Total Nets             : 57
 Total Signal Drivers   : 39
 Total Blocks           : 15
 Total Primitive Blocks : 10
 Total Processes        : 39
 Total Traceable Variables  : 8
 Total Scalar Nets and Variables : 417
Total Line Count : 39

 Total Simulation Time: 0.04 sec

 Current Memory Usage: 275.64 Meg

Thu Feb 27 11:29:59 2020

